[0mGET /api/employees [32m200[0m 6.955 ms - 26[0m
[0mGET /api/employees [32m200[0m 5.618 ms - 26[0m
[0mGET /favicon.ico [33m404[0m 2.341 ms - 150[0m
[0mGET /api/employees [32m200[0m 1.968 ms - 26[0m
[0mPOST /api/employees [32m201[0m 22.885 ms - 125[0m
[0mPOST /api/employees [32m201[0m 2.137 ms - 124[0m
[0mGET /api/employees [32m200[0m 1.920 ms - 228[0m
[0mPOST /api/employees [32m201[0m 2.634 ms - 124[0m
[0mPUT /api/employees/3 [32m200[0m 7.262 ms - 124[0m
[0mGET /api/employees [32m200[0m 1.634 ms - 329[0m
[0mPOST /api/employees [32m201[0m 1.974 ms - 124[0m
[0mDELETE /api/employees/4 [32m200[0m 2.398 ms - 25[0m
[0mGET /api/employees [32m200[0m 1.981 ms - 329[0m
[0mGET /api/employees [36m304[0m 14.393 ms - -[0m
[0mGET /api/employees [36m304[0m 5.427 ms - -[0m
[0mGET /api/employees [36m304[0m 4.301 ms - -[0m
[0mGET /api/employees [36m304[0m 10.605 ms - -[0m
[0mGET /api/employees [36m304[0m 3.788 ms - -[0m
[0mGET /api/employees [36m304[0m 5.931 ms - -[0m
[0mGET /api/employees [36m304[0m 5.264 ms - -[0m
[0mGET /api/employees [36m304[0m 5.022 ms - -[0m
[0mGET /api/employees [36m304[0m 2.885 ms - -[0m
[0mGET /api/employees [36m304[0m 2.464 ms - -[0m
[0mGET /api/employees [36m304[0m 4.823 ms - -[0m
[0mGET /api/employees [32m200[0m 1.791 ms - 26[0m
[0mPOST /api/employees [32m201[0m 77.162 ms - 124[0m
[0mPOST /api/employees [32m201[0m 64.197 ms - 124[0m
[0mPOST /api/employees [32m201[0m 66.290 ms - 154[0m
[0mGET /api/employees [32m200[0m 3.709 ms - 410[0m
[0mGET /api/employees [36m304[0m 2.876 ms - -[0m
[0mGET /api/employees [36m304[0m 9.800 ms - -[0m
[0mGET /api/employees [36m304[0m 3.482 ms - -[0m
[0mGET /api/employees [36m304[0m 8.801 ms - -[0m
[0mGET /api/employees [36m304[0m 3.212 ms - -[0m
[0mGET /api/employees [36m304[0m 2.678 ms - -[0m
[0mGET /api/employees [36m304[0m 2.967 ms - -[0m
[0mGET /api/employees [36m304[0m 7.421 ms - -[0m
[0mGET /api/employees [36m304[0m 5.294 ms - -[0m
[0mGET /api/employees [36m304[0m 1.721 ms - -[0m
[0mGET /api/employees [36m304[0m 3.518 ms - -[0m
[0mGET /api/employees [36m304[0m 8.280 ms - -[0m
[0mGET /api/employees [36m304[0m 2.683 ms - -[0m
[0mGET /api/employees [36m304[0m 9.196 ms - -[0m
[0mGET /api/employees [36m304[0m 9.147 ms - -[0m
[0mGET /api/employees [36m304[0m 4.784 ms - -[0m
[0mGET /api/employees [36m304[0m 2.745 ms - -[0m
[0mGET /api/employees [36m304[0m 2.603 ms - -[0m
[0mGET /api/employees [36m304[0m 7.876 ms - -[0m
[0mGET /api/employees [36m304[0m 3.019 ms - -[0m
[0mGET /api/employees [36m304[0m 2.878 ms - -[0m
[0mGET /api/employees [36m304[0m 1.973 ms - -[0m
[0mGET /api/employees [36m304[0m 4.463 ms - -[0m
[0mGET /api/employees [36m304[0m 3.083 ms - -[0m
[0mGET /api/employees [36m304[0m 2.810 ms - -[0m
[0mGET /api/employees [36m304[0m 19.844 ms - -[0m
[0mGET /api/employees [36m304[0m 2.530 ms - -[0m
[0mGET /api/employees [36m304[0m 3.295 ms - -[0m
[0mGET /api/employees [36m304[0m 4.842 ms - -[0m
[0mGET /api/employees [36m304[0m 3.088 ms - -[0m
[0mGET /api/employees [36m304[0m 2.907 ms - -[0m
[0mGET /api/employees [36m304[0m 2.611 ms - -[0m
[0mGET /api/employees [36m304[0m 2.584 ms - -[0m
[0mGET /api/employees [36m304[0m 8.610 ms - -[0m
[0mGET /api/employees [36m304[0m 2.378 ms - -[0m
[0mGET /api/employees [36m304[0m 2.799 ms - -[0m
[0mGET /api/employees [36m304[0m 10.035 ms - -[0m
[0mGET /api/employees [36m304[0m 3.784 ms - -[0m
[0mGET /api/employees [36m304[0m 3.156 ms - -[0m
[0mGET /api/employees [36m304[0m 3.561 ms - -[0m
[0mGET /api/employees [36m304[0m 5.173 ms - -[0m
[0mGET /api/employees [36m304[0m 4.393 ms - -[0m
[0mGET /api/employees [36m304[0m 3.353 ms - -[0m
[0mGET /api/employees [36m304[0m 2.304 ms - -[0m
[0mGET /api/employees [36m304[0m 2.490 ms - -[0m
[0mGET /api/employees [36m304[0m 2.663 ms - -[0m
[0mGET /api/employees [36m304[0m 2.388 ms - -[0m
[0mGET /api/employees [36m304[0m 6.047 ms - -[0m
[0mGET /api/employees [36m304[0m 19.169 ms - -[0m
[0mGET /api/employees [36m304[0m 7.739 ms - -[0m
[0mGET /api/employees [36m304[0m 6.259 ms - -[0m
[0mGET /api/employees [36m304[0m 3.745 ms - -[0m
[0mGET /api/employees [36m304[0m 3.554 ms - -[0m
[0mGET /api/employees [36m304[0m 3.241 ms - -[0m
[0mGET /api/employees [36m304[0m 2.671 ms - -[0m
[0mGET /api/employees [36m304[0m 7.608 ms - -[0m
[0mGET /api/employees [36m304[0m 2.247 ms - -[0m
[0mGET /api/employees [36m304[0m 6.362 ms - -[0m
[0mGET /api/employees [36m304[0m 4.094 ms - -[0m
[0mGET /api/employees [36m304[0m 2.618 ms - -[0m
[0mGET /api/employees [36m304[0m 2.343 ms - -[0m
[0mGET /api/employees [36m304[0m 2.338 ms - -[0m
[0mGET /api/employees [36m304[0m 2.552 ms - -[0m
[0mGET /api/employees [36m304[0m 8.680 ms - -[0m
[0mGET /api/employees [36m304[0m 10.569 ms - -[0m
[0mGET /api/employees [36m304[0m 5.521 ms - -[0m
[0mGET /api/employees [36m304[0m 2.760 ms - -[0m
[0mGET /api/employees [36m304[0m 4.353 ms - -[0m
[0mGET /api/employees [36m304[0m 12.059 ms - -[0m
[0mGET /api/employees [36m304[0m 2.263 ms - -[0m
[0mGET /api/employees [36m304[0m 4.677 ms - -[0m
[0mGET /api/employees [36m304[0m 13.343 ms - -[0m
[0mGET /api/employees [36m304[0m 11.131 ms - -[0m
[0mGET /api/employees [36m304[0m 2.166 ms - -[0m
[0mGET /api/employees [36m304[0m 5.250 ms - -[0m
[0mGET /api/employees [36m304[0m 7.302 ms - -[0m
[0mGET /api/employees [36m304[0m 5.613 ms - -[0m
[0mGET /api/employees [36m304[0m 6.779 ms - -[0m
[0mGET /api/employees [36m304[0m 4.403 ms - -[0m
[0mGET /api/employees [36m304[0m 17.014 ms - -[0m
[0mGET /api/employees [36m304[0m 8.502 ms - -[0m
[0mGET /api/employees [36m304[0m 9.221 ms - -[0m
[0mGET /api/employees [36m304[0m 9.277 ms - -[0m
[0mGET /api/employees [36m304[0m 3.613 ms - -[0m
[0mGET /api/employees [36m304[0m 25.737 ms - -[0m
[0mGET /api/employees [36m304[0m 3.374 ms - -[0m
[0mGET /api/employees [36m304[0m 4.635 ms - -[0m
[0mGET /api/employees [36m304[0m 8.362 ms - -[0m
[0mGET /api/employees [36m304[0m 7.069 ms - -[0m
[0mGET /api/employees [36m304[0m 4.027 ms - -[0m
[0mGET /api/employees [36m304[0m 2.553 ms - -[0m
[0mGET /api/employees [36m304[0m 1.986 ms - -[0m
[0mGET /api/employees [36m304[0m 8.669 ms - -[0m
[0mGET /api/employees [36m304[0m 8.244 ms - -[0m
[0mGET /api/employees [36m304[0m 3.402 ms - -[0m
[0mGET /api/employees [36m304[0m 8.653 ms - -[0m
[0mGET /api/employees [36m304[0m 6.615 ms - -[0m
[0mGET /api/employees [36m304[0m 23.378 ms - -[0m
[0mGET /api/employees [36m304[0m 2.416 ms - -[0m
[0mGET /api/employees [36m304[0m 2.377 ms - -[0m
[0mGET /api/employees [36m304[0m 4.298 ms - -[0m
[0mGET /api/employees [36m304[0m 6.003 ms - -[0m
[0mGET /api/employees [36m304[0m 10.649 ms - -[0m
[0mGET /api/employees [36m304[0m 8.682 ms - -[0m
[0mGET /api/employees [36m304[0m 5.896 ms - -[0m
[0mGET /api/employees [36m304[0m 13.882 ms - -[0m
[0mGET /api/employees [36m304[0m 6.901 ms - -[0m
[0mGET /api/employees [36m304[0m 5.545 ms - -[0m
[0mGET /api/employees [36m304[0m 2.201 ms - -[0m
[0mGET /api/employees [36m304[0m 5.948 ms - -[0m
[0mGET /api/employees [36m304[0m 9.427 ms - -[0m
[0mGET /api/employees [36m304[0m 3.696 ms - -[0m
[0mGET /api/employees [36m304[0m 2.165 ms - -[0m
[0mGET /api/employees [36m304[0m 5.487 ms - -[0m
[0mGET /api/employees [36m304[0m 4.915 ms - -[0m
[0mGET /api/employees [36m304[0m 2.481 ms - -[0m
[0mGET /api/employees [36m304[0m 3.037 ms - -[0m
[0mGET /api/employees [36m304[0m 3.300 ms - -[0m
[0mGET /api/employees [36m304[0m 4.192 ms - -[0m
[0mGET /api/employees [36m304[0m 6.035 ms - -[0m
[0mGET /api/employees [36m304[0m 6.938 ms - -[0m
[0mGET /api/employees [36m304[0m 2.850 ms - -[0m
[0mGET /api/employees [36m304[0m 3.640 ms - -[0m
[0mGET /api/employees [36m304[0m 5.629 ms - -[0m
[0mGET /api/employees [36m304[0m 12.534 ms - -[0m
[0mGET /api/employees [36m304[0m 2.131 ms - -[0m
[0mGET /api/employees [36m304[0m 3.412 ms - -[0m
[0mGET /api/employees [36m304[0m 3.115 ms - -[0m
[0mGET /api/employees [36m304[0m 5.053 ms - -[0m
[0mGET /api/employees [36m304[0m 5.976 ms - -[0m
[0mGET /api/employees [36m304[0m 4.399 ms - -[0m
[0mGET /api/employees [36m304[0m 2.588 ms - -[0m
[0mGET /api/employees [36m304[0m 2.318 ms - -[0m
[0mGET /api/employees [36m304[0m 8.354 ms - -[0m
[0mGET /api/employees [36m304[0m 4.113 ms - -[0m
[0mGET /api/employees [36m304[0m 4.991 ms - -[0m
[0mGET /api/employees [36m304[0m 11.426 ms - -[0m
[0mGET /api/employees [36m304[0m 4.311 ms - -[0m
[0mGET /api/employees [36m304[0m 5.120 ms - -[0m
[0mGET /api/employees [36m304[0m 6.771 ms - -[0m
[0mGET /api/employees [36m304[0m 4.279 ms - -[0m
[0mGET /api/employees [36m304[0m 3.695 ms - -[0m
[0mGET /api/employees [32m200[0m 35.298 ms - 794[0m
[0mOPTIONS /api/employees [32m204[0m 0.434 ms - 0[0m
[0mPOST /api/employees [32m201[0m 104.033 ms - 152[0m
[0mGET /api/employees [32m200[0m 13.068 ms - 921[0m
[0mGET /api/employees [36m304[0m 5.872 ms - -[0m
[0mGET /api/employees [36m304[0m 4.120 ms - -[0m
[0mGET /api/employees [36m304[0m 16.367 ms - -[0m
[0mGET /api/employees [36m304[0m 26.034 ms - -[0m
[0mGET /api/employees [36m304[0m 3.441 ms - -[0m
[0mGET /api/employees [36m304[0m 12.021 ms - -[0m
[0mGET /api/employees [36m304[0m 14.928 ms - -[0m
[0mGET /api/employees [36m304[0m 18.036 ms - -[0m
[0mGET /api/employees [36m304[0m 13.403 ms - -[0m
[0mGET /api/employees [36m304[0m 14.402 ms - -[0m
[0mGET /api/employees [36m304[0m 12.200 ms - -[0m
[0mGET /api/employees [36m304[0m 4.687 ms - -[0m
[0mGET /api/employees [36m304[0m 13.372 ms - -[0m
[0mGET /api/employees [36m304[0m 4.087 ms - -[0m
[0mGET /api/employees [36m304[0m 8.649 ms - -[0m
[0mGET /api/employees [36m304[0m 6.330 ms - -[0m
[0mGET /api/employees [36m304[0m 3.502 ms - -[0m
[0mGET /api/employees [36m304[0m 12.653 ms - -[0m
[0mGET /api/employees [36m304[0m 15.690 ms - -[0m
[0mGET /api/employees [36m304[0m 13.446 ms - -[0m
[0mGET /api/employees [32m200[0m 12.615 ms - 26[0m
[0mGET /api/employees [36m304[0m 14.391 ms - -[0m
[0mGET /api/employees [36m304[0m 7.890 ms - -[0m
[0mGET /api/employees [36m304[0m 11.952 ms - -[0m
[0mGET /api/employees [36m304[0m 4.059 ms - -[0m
[0mGET /api/employees [36m304[0m 2.741 ms - -[0m
[0mGET /api/employees [36m304[0m 13.573 ms - -[0m
[0mGET /api/employees [36m304[0m 12.345 ms - -[0m
[0mGET /api/employees [36m304[0m 2.774 ms - -[0m
[0mGET /api/employees [36m304[0m 1.928 ms - -[0m
[0mGET /api/employees [36m304[0m 1.845 ms - -[0m
[0mGET /api/employees [36m304[0m 2.297 ms - -[0m
[0mGET /api/employees [36m304[0m 11.937 ms - -[0m
[0mOPTIONS /api/employees [32m204[0m 0.485 ms - 0[0m
[0mPOST /api/employees [32m201[0m 75.463 ms - 155[0m
[0mGET /api/employees [32m200[0m 2.253 ms - 155[0m
[0mGET /api/employees [36m304[0m 2.543 ms - -[0m
[0mGET /api/employees [36m304[0m 2.287 ms - -[0m
[0mGET /api/employees [36m304[0m 2.971 ms - -[0m
[0mGET /api/employees [36m304[0m 2.719 ms - -[0m
[0mGET /api/employees [36m304[0m 1.755 ms - -[0m
[0mGET /api/employees [36m304[0m 22.914 ms - -[0m
[0mGET /api/employees [36m304[0m 6.714 ms - -[0m
[0mGET /api/employees [36m304[0m 7.937 ms - -[0m
[0mGET /api/employees [36m304[0m 6.088 ms - -[0m
[0mGET /api/employees [36m304[0m 10.648 ms - -[0m
[0mGET /api/employees [36m304[0m 14.533 ms - -[0m
[0mGET /api/employees [36m304[0m 10.147 ms - -[0m
[0mGET /api/employees [36m304[0m 2.351 ms - -[0m
[0mGET /api/employees [36m304[0m 7.215 ms - -[0m
[0mGET /api/employees [36m304[0m 3.381 ms - -[0m
[0mGET /api/employees [36m304[0m 2.310 ms - -[0m
[0mGET /api/employees [36m304[0m 2.118 ms - -[0m
[0mGET /api/employees [36m304[0m 16.779 ms - -[0m
[0mGET /api/employees [36m304[0m 6.216 ms - -[0m
[0mGET /api/employees [36m304[0m 13.166 ms - -[0m
[0mGET /api/employees [36m304[0m 11.979 ms - -[0m
[0mGET /api/employees [36m304[0m 9.746 ms - -[0m
[0mGET /api/employees [36m304[0m 14.174 ms - -[0m
[0mGET /api/employees [36m304[0m 2.191 ms - -[0m
[0mGET /api/employees [36m304[0m 2.267 ms - -[0m
[0mGET /api/employees [36m304[0m 2.609 ms - -[0m
[0mGET /api/employees [36m304[0m 11.362 ms - -[0m
[0mGET /api/employees [36m304[0m 6.683 ms - -[0m
[0mGET /api/employees [36m304[0m 2.568 ms - -[0m
[0mGET /api/employees [36m304[0m 2.292 ms - -[0m
[0mGET /api/employees [36m304[0m 3.652 ms - -[0m
[0mGET /api/employees [36m304[0m 14.694 ms - -[0m
[0mGET /api/employees [36m304[0m 9.248 ms - -[0m
[0mGET /api/employees [36m304[0m 5.949 ms - -[0m
[0mGET /api/employees [36m304[0m 6.457 ms - -[0m
[0mGET /api/employees [36m304[0m 5.442 ms - -[0m
[0mGET /api/employees [36m304[0m 7.200 ms - -[0m
[0mOPTIONS /api/employees [32m204[0m 0.184 ms - 0[0m
[0mPOST /api/employees [32m201[0m 71.235 ms - 152[0m
[0mGET /api/employees [32m200[0m 7.061 ms - 282[0m
[0mGET /api/employees [32m200[0m 10.308 ms - 26[0m
[0mOPTIONS /api/employees [32m204[0m 0.567 ms - 0[0m
[0mPOST /api/employees [32m201[0m 31.287 ms - 157[0m
[0mGET /api/employees [32m200[0m 2.685 ms - 157[0m
[0mOPTIONS /api/employees [32m204[0m 0.214 ms - 0[0m
[0mPOST /api/employees [32m201[0m 13.236 ms - 156[0m
[0mGET /api/employees [32m200[0m 2.350 ms - 288[0m
[0mGET /api/employees [36m304[0m 2.416 ms - -[0m
[0mGET /api/employees [36m304[0m 3.048 ms - -[0m
[0mGET /api/employees [36m304[0m 2.475 ms - -[0m
[0mGET /api/employees [36m304[0m 2.205 ms - -[0m
[0mGET /api/employees [36m304[0m 2.207 ms - -[0m
[0mGET /api/employees [36m304[0m 3.107 ms - -[0m
[0mGET /api/employees [36m304[0m 2.355 ms - -[0m
[0mGET /api/employees [36m304[0m 2.450 ms - -[0m
[0mGET /api/employees [36m304[0m 2.696 ms - -[0m
[0mGET /api/employees [36m304[0m 2.327 ms - -[0m
[0mGET /api/employees [36m304[0m 4.367 ms - -[0m
[0mGET /api/employees [36m304[0m 2.637 ms - -[0m
[0mGET /api/employees [36m304[0m 2.515 ms - -[0m
[0mGET /api/employees [36m304[0m 2.127 ms - -[0m
[0mGET /api/employees [36m304[0m 3.360 ms - -[0m
[0mGET /api/employees [36m304[0m 2.325 ms - -[0m
[0mGET /api/employees [36m304[0m 1.940 ms - -[0m
[0mGET /api/employees [36m304[0m 2.419 ms - -[0m
[0mGET /api/employees [36m304[0m 2.029 ms - -[0m
[0mGET /api/employees [36m304[0m 1.975 ms - -[0m
[0mGET /api/employees [36m304[0m 2.168 ms - -[0m
[0mGET /api/employees [36m304[0m 1.946 ms - -[0m
[0mGET /api/employees [36m304[0m 1.983 ms - -[0m
[0mGET /api/employees [36m304[0m 2.377 ms - -[0m
[0mGET /api/employees [36m304[0m 2.460 ms - -[0m
[0mGET /api/employees [36m304[0m 2.197 ms - -[0m
[0mGET /api/employees [36m304[0m 2.202 ms - -[0m
[0mGET /api/employees [36m304[0m 2.501 ms - -[0m
[0mGET /api/employees [36m304[0m 2.502 ms - -[0m
[0mGET /api/employees [36m304[0m 2.175 ms - -[0m
[0mGET /api/employees [36m304[0m 1.991 ms - -[0m
[0mGET /api/employees [36m304[0m 2.328 ms - -[0m
[0mGET /api/employees [36m304[0m 2.296 ms - -[0m
[0mOPTIONS /api/employees [32m204[0m 0.145 ms - 0[0m
[0mPOST /api/employees [32m201[0m 13.813 ms - 154[0m
[0mGET /api/employees [32m200[0m 2.415 ms - 417[0m
[0mOPTIONS /api/employees/3 [32m204[0m 0.134 ms - 0[0m
[0mDELETE /api/employees/3 [32m200[0m 6.258 ms - 25[0m
[0mGET /api/employees [32m200[0m 1.828 ms - 288[0m
[0mGET /api/employees [36m304[0m 2.003 ms - -[0m
[0mGET /api/employees [36m304[0m 2.213 ms - -[0m
[0mGET /api/employees [36m304[0m 2.178 ms - -[0m
[0mGET /api/employees [36m304[0m 2.562 ms - -[0m
[0mGET /api/employees [36m304[0m 2.403 ms - -[0m
[0mGET /api/employees [36m304[0m 2.121 ms - -[0m
[0mGET /api/employees [36m304[0m 3.057 ms - -[0m
[0mGET /api/employees [36m304[0m 1.825 ms - -[0m
[0mOPTIONS /api/employees [32m204[0m 0.151 ms - 0[0m
[0mPOST /api/employees [31m500[0m 3.254 ms - 57[0m
[0mGET /api/employees [36m304[0m 1.654 ms - -[0m
[0mGET /api/employees [36m304[0m 2.450 ms - -[0m
[0mGET /api/employees [36m304[0m 2.732 ms - -[0m
[0mGET /api/employees [36m304[0m 2.925 ms - -[0m
[0mGET /api/employees [36m304[0m 1.987 ms - -[0m
[0mGET /api/employees [36m304[0m 2.320 ms - -[0m
[0mGET /api/employees [36m304[0m 3.400 ms - -[0m
[0mGET /api/employees [36m304[0m 2.330 ms - -[0m
[0mGET /api/employees [36m304[0m 2.478 ms - -[0m
[0mOPTIONS /api/employees [32m204[0m 0.156 ms - 0[0m
[0mOPTIONS /api/employees [32m204[0m 0.112 ms - 0[0m
[0mPOST /api/employees [31m500[0m 3.533 ms - 57[0m
[0mPOST /api/employees [31m500[0m 2.469 ms - 57[0m
[0mGET /api/employees [36m304[0m 2.062 ms - -[0m
[0mGET /api/employees [36m304[0m 1.774 ms - -[0m
[0mGET /api/employees [36m304[0m 2.483 ms - -[0m
[0mGET /api/employees [36m304[0m 2.281 ms - -[0m
[0mOPTIONS /api/employees [32m204[0m 0.147 ms - 0[0m
[0mOPTIONS /api/employees [32m204[0m 0.103 ms - 0[0m
[0mPOST /api/employees [32m201[0m 5.003 ms - 150[0m
[0mPOST /api/employees [32m201[0m 7.059 ms - 150[0m
[0mGET /api/employees [32m200[0m 1.953 ms - 538[0m
[0mGET /api/employees [36m304[0m 2.854 ms - -[0m
[0mOPTIONS /api/employees [32m204[0m 0.151 ms - 0[0m
[0mOPTIONS /api/employees [32m204[0m 0.128 ms - 0[0m
[0mPOST /api/employees [32m201[0m 12.835 ms - 152[0m
[0mPOST /api/employees [32m201[0m 15.047 ms - 152[0m
[0mGET /api/employees [32m200[0m 3.306 ms - 792[0m
[0mGET /api/employees [32m200[0m 2.211 ms - 792[0m
[0mGET /api/employees [36m304[0m 3.399 ms - -[0m
[0mGET /api/employees [36m304[0m 2.236 ms - -[0m
[0mGET /api/employees [36m304[0m 2.336 ms - -[0m
[0mOPTIONS /api/employees [32m204[0m 0.153 ms - 0[0m
[0mOPTIONS /api/employees [32m204[0m 0.104 ms - 0[0m
[0mPOST /api/employees [32m201[0m 5.201 ms - 145[0m
[0mPOST /api/employees [32m201[0m 8.155 ms - 145[0m
[0mGET /api/employees [32m200[0m 3.318 ms - 1012[0m
[0mGET /api/employees [32m200[0m 2.462 ms - 1012[0m
[0mGET /api/employees [36m304[0m 2.299 ms - -[0m
[0mGET /api/employees [36m304[0m 2.225 ms - -[0m
[0mGET /api/employees [36m304[0m 2.760 ms - -[0m
[0mGET /api/employees [36m304[0m 2.312 ms - -[0m
[0mGET /api/employees [36m304[0m 2.614 ms - -[0m
[0mGET /api/employees [36m304[0m 2.447 ms - -[0m
[0mOPTIONS /api/employees/9 [32m204[0m 0.134 ms - 0[0m
[0mDELETE /api/employees/9 [32m200[0m 4.354 ms - 25[0m
[0mGET /api/employees [32m200[0m 2.018 ms - 902[0m
[0mOPTIONS /api/employees/8 [32m204[0m 0.132 ms - 0[0m
[0mDELETE /api/employees/8 [32m200[0m 12.137 ms - 25[0m
[0mGET /api/employees [32m200[0m 1.997 ms - 792[0m
[0mOPTIONS /api/employees/7 [32m204[0m 0.139 ms - 0[0m
[0mDELETE /api/employees/7 [32m200[0m 4.119 ms - 25[0m
[0mGET /api/employees [32m200[0m 1.886 ms - 665[0m
[0mOPTIONS /api/employees/6 [32m204[0m 0.125 ms - 0[0m
[0mDELETE /api/employees/6 [32m200[0m 11.540 ms - 25[0m
[0mGET /api/employees [32m200[0m 1.705 ms - 538[0m
[0mOPTIONS /api/employees/5 [32m204[0m 0.116 ms - 0[0m
[0mDELETE /api/employees/5 [32m200[0m 11.936 ms - 25[0m
[0mGET /api/employees [32m200[0m 1.912 ms - 413[0m
[0mOPTIONS /api/employees/4 [32m204[0m 0.115 ms - 0[0m
[0mDELETE /api/employees/4 [32m200[0m 4.410 ms - 25[0m
[0mGET /api/employees [32m200[0m 1.667 ms - 288[0m
[0mOPTIONS /api/employees [32m204[0m 0.122 ms - 0[0m
[0mPOST /api/employees [31m500[0m 2.877 ms - 57[0m
[0mGET /api/employees [36m304[0m 1.986 ms - -[0m
[0mOPTIONS /api/employees [32m204[0m 0.122 ms - 0[0m
[0mPOST /api/employees [31m500[0m 2.758 ms - 57[0m
[0mGET /api/employees [36m304[0m 2.107 ms - -[0m
[0mGET /api/employees [36m304[0m 1.904 ms - -[0m
[0mGET /api/employees [36m304[0m 1.984 ms - -[0m
[0mOPTIONS /api/employees [32m204[0m 0.127 ms - 0[0m
[0mPOST /api/employees [31m500[0m 2.462 ms - 57[0m
[0mGET /api/employees [36m304[0m 2.084 ms - -[0m
[0mGET /api/employees [36m304[0m 2.409 ms - -[0m
[0mGET /api/employees [36m304[0m 2.464 ms - -[0m
[0mOPTIONS /api/employees [32m204[0m 0.130 ms - 0[0m
[0mPOST /api/employees [31m500[0m 2.024 ms - 57[0m
[0mGET /api/employees [36m304[0m 2.055 ms - -[0m
[0mGET /api/employees [36m304[0m 2.085 ms - -[0m
[0mGET /api/employees [36m304[0m 2.072 ms - -[0m
[0mGET /api/employees [36m304[0m 2.131 ms - -[0m
[0mOPTIONS /api/employees [32m204[0m 0.135 ms - 0[0m
[0mPOST /api/employees [32m201[0m 13.197 ms - 147[0m
[0mGET /api/employees [32m200[0m 1.729 ms - 400[0m
[0mGET /api/employees [36m304[0m 2.503 ms - -[0m
[0mGET /api/employees [36m304[0m 2.406 ms - -[0m
[0mGET /api/employees [36m304[0m 2.542 ms - -[0m
[0mGET /api/employees [36m304[0m 2.157 ms - -[0m
[0mGET /api/employees [36m304[0m 1.969 ms - -[0m
[0mGET /api/employees [36m304[0m 2.671 ms - -[0m
[0mGET /api/employees [36m304[0m 1.947 ms - -[0m
[0mGET /api/employees [36m304[0m 2.640 ms - -[0m
[0mGET /api/employees [36m304[0m 2.083 ms - -[0m
[0mGET /api/employees [36m304[0m 2.459 ms - -[0m
[0mGET /api/employees [36m304[0m 1.685 ms - -[0m
[0mGET /api/employees [36m304[0m 2.128 ms - -[0m
[0mGET /api/employees [36m304[0m 3.159 ms - -[0m
[0mGET /api/employees [36m304[0m 2.421 ms - -[0m
[0mOPTIONS /api/employees [32m204[0m 0.126 ms - 0[0m
[0mPOST /api/employees [32m201[0m 5.477 ms - 148[0m
[0mGET /api/employees [32m200[0m 1.771 ms - 513[0m
[0mGET /api/employees [36m304[0m 2.741 ms - -[0m
[0mGET /api/employees [36m304[0m 2.099 ms - -[0m
[0mGET /api/employees [36m304[0m 2.690 ms - -[0m
[0mGET /api/employees [36m304[0m 2.057 ms - -[0m
[0mGET /api/employees [36m304[0m 2.061 ms - -[0m
[0mGET /api/employees [36m304[0m 2.067 ms - -[0m
[0mGET /api/employees [36m304[0m 1.973 ms - -[0m
[0mGET /api/employees [36m304[0m 2.147 ms - -[0m
[0mGET /api/employees [36m304[0m 2.072 ms - -[0m
[0mGET /api/employees [36m304[0m 1.899 ms - -[0m
[0mGET /api/employees [36m304[0m 2.075 ms - -[0m
[0mGET /api/employees [36m304[0m 2.332 ms - -[0m
[0mGET /api/employees [36m304[0m 2.254 ms - -[0m
[0mGET /api/employees [36m304[0m 1.998 ms - -[0m
[0mOPTIONS /api/employees/10 [32m204[0m 0.117 ms - 0[0m
[0mPUT /api/employees/10 [32m200[0m 18.034 ms - 156[0m
[0mGET /api/employees [32m200[0m 2.024 ms - 534[0m
[0mOPTIONS /api/employees/10 [32m204[0m 0.126 ms - 0[0m
[0mPUT /api/employees/10 [32m200[0m 14.317 ms - 165[0m
[0mGET /api/employees [32m200[0m 1.722 ms - 543[0m
[0mOPTIONS /api/employees/10 [32m204[0m 0.198 ms - 0[0m
[0mPUT /api/employees/10 [32m200[0m 14.623 ms - 165[0m
[0mGET /api/employees [32m200[0m 2.158 ms - 543[0m
[0mOPTIONS /api/employees/11 [32m204[0m 0.115 ms - 0[0m
[0mPUT /api/employees/11 [32m200[0m 15.395 ms - 158[0m
[0mGET /api/employees [32m200[0m 1.607 ms - 565[0m
[0mGET /api/employees [32m200[0m 12.303 ms - 794[0m
[0mGET /api/employees [36m304[0m 5.064 ms - -[0m
[0mOPTIONS /api/employees [32m204[0m 0.553 ms - 0[0m
[0mPOST /api/employees [32m201[0m 30.641 ms - 148[0m
[0mGET /api/employees [32m200[0m 2.578 ms - 907[0m
[0mOPTIONS /api/employees/12 [32m204[0m 0.199 ms - 0[0m
[0mPUT /api/employees/12 [32m200[0m 19.506 ms - 159[0m
[0mGET /api/employees [32m200[0m 2.804 ms - 930[0m
[0mGET /api/employees [36m304[0m 14.511 ms - -[0m
[0mGET /api/employees [36m304[0m 12.847 ms - -[0m
[0mGET /api/employees [36m304[0m 4.332 ms - -[0m
[0mGET /api/employees [36m304[0m 3.094 ms - -[0m
[0mGET /api/employees [36m304[0m 4.069 ms - -[0m
[0mGET /api/employees [36m304[0m 3.075 ms - -[0m
[0mGET /api/employees [36m304[0m 2.985 ms - -[0m
[0mGET /api/employees [36m304[0m 2.558 ms - -[0m
[0mGET /api/employees [36m304[0m 2.322 ms - -[0m
[0mGET /api/employees [36m304[0m 3.583 ms - -[0m
[0mGET /api/employees [36m304[0m 2.644 ms - -[0m
[0mGET /api/employees [36m304[0m 2.862 ms - -[0m
[0mGET /api/employees [36m304[0m 2.631 ms - -[0m
[0mGET /api/employees [36m304[0m 3.142 ms - -[0m
[0mGET /api/employees [36m304[0m 2.861 ms - -[0m
[0mGET /api/employees [36m304[0m 2.430 ms - -[0m
[0mGET /api/employees [36m304[0m 2.736 ms - -[0m
[0mGET /api/employees [36m304[0m 2.475 ms - -[0m
[0mGET /api/employees [36m304[0m 5.767 ms - -[0m
[0mGET /api/employees [36m304[0m 2.506 ms - -[0m
[0mGET /api/employees [36m304[0m 2.491 ms - -[0m
[0mGET /api/employees [36m304[0m 3.737 ms - -[0m
[0mGET /api/employees [36m304[0m 2.871 ms - -[0m
[0mGET /api/employees [36m304[0m 3.858 ms - -[0m
[0mGET /api/employees [36m304[0m 2.425 ms - -[0m
[0mGET /api/employees [36m304[0m 3.016 ms - -[0m
[0mGET /api/employees [36m304[0m 2.545 ms - -[0m
[0mGET /api/employees [36m304[0m 3.373 ms - -[0m
[0mGET /api/employees [36m304[0m 3.714 ms - -[0m
[0mGET /api/employees [36m304[0m 2.466 ms - -[0m
[0mGET /api/employees [36m304[0m 3.257 ms - -[0m
[0mGET /api/employees [36m304[0m 2.482 ms - -[0m
[0mGET /api/employees [36m304[0m 3.593 ms - -[0m
[0mGET /api/employees [36m304[0m 2.697 ms - -[0m
[0mGET /api/employees [36m304[0m 2.300 ms - -[0m
[0mGET /api/employees [36m304[0m 2.683 ms - -[0m
[0mGET /api/employees [36m304[0m 2.286 ms - -[0m
[0mGET /api/employees [36m304[0m 2.797 ms - -[0m
[0mGET /api/employees [36m304[0m 3.257 ms - -[0m
[0mGET /api/employees [36m304[0m 2.245 ms - -[0m
[0mGET /api/employees [36m304[0m 2.765 ms - -[0m
[0mGET /api/employees [36m304[0m 2.333 ms - -[0m
[0mGET /api/employees [36m304[0m 2.498 ms - -[0m
[0mGET /api/employees [36m304[0m 2.199 ms - -[0m
[0mGET /api/employees [36m304[0m 2.684 ms - -[0m
[0mGET /api/employees [36m304[0m 2.203 ms - -[0m
[0mGET /api/employees [36m304[0m 2.369 ms - -[0m
[0mGET /api/employees [36m304[0m 2.368 ms - -[0m
[0mGET /api/employees [36m304[0m 2.089 ms - -[0m
[0mGET /api/employees [36m304[0m 3.011 ms - -[0m
[0mGET /api/employees [36m304[0m 2.277 ms - -[0m
[0mGET /api/employees [36m304[0m 3.882 ms - -[0m
[0mGET /api/employees [36m304[0m 3.584 ms - -[0m
[0mGET /api/employees [36m304[0m 2.208 ms - -[0m
[0mGET /api/employees [36m304[0m 2.514 ms - -[0m
[0mGET /api/employees [36m304[0m 3.347 ms - -[0m
[0mGET /api/employees [36m304[0m 2.892 ms - -[0m
[0mGET /api/employees [36m304[0m 2.440 ms - -[0m
[0mGET /api/employees [36m304[0m 3.057 ms - -[0m
[0mGET /api/employees [36m304[0m 2.511 ms - -[0m
[0mGET /api/employees [36m304[0m 2.777 ms - -[0m
[0mGET /api/employees [36m304[0m 2.656 ms - -[0m
[0mGET /api/employees [36m304[0m 2.404 ms - -[0m
[0mGET /api/employees [36m304[0m 2.780 ms - -[0m
[0mGET /api/employees [36m304[0m 2.150 ms - -[0m
[0mGET /api/employees [36m304[0m 2.555 ms - -[0m
[0mGET /api/employees [36m304[0m 2.789 ms - -[0m
[0mGET /api/employees [36m304[0m 2.193 ms - -[0m
[0mGET /api/employees [36m304[0m 2.168 ms - -[0m
[0mGET /api/employees [36m304[0m 3.342 ms - -[0m
[0mGET /api/employees [36m304[0m 2.494 ms - -[0m
[0mGET /api/employees [36m304[0m 2.153 ms - -[0m
[0mGET /api/employees [36m304[0m 2.845 ms - -[0m
[0mGET /api/employees [36m304[0m 2.980 ms - -[0m
[0mGET /api/employees [36m304[0m 2.774 ms - -[0m
[0mGET /api/employees [36m304[0m 2.077 ms - -[0m
[0mGET /api/employees [36m304[0m 2.209 ms - -[0m
[0mGET /api/employees [36m304[0m 2.193 ms - -[0m
[0mGET /api/employees [36m304[0m 2.130 ms - -[0m
[0mGET /api/employees [36m304[0m 2.379 ms - -[0m
[0mGET /api/employees [36m304[0m 2.942 ms - -[0m
[0mGET /api/employees [36m304[0m 2.075 ms - -[0m
[0mGET /api/employees [36m304[0m 2.718 ms - -[0m
[0mGET /api/employees [36m304[0m 2.226 ms - -[0m
[0mGET /api/employees [36m304[0m 3.889 ms - -[0m
[0mGET /api/employees [36m304[0m 2.682 ms - -[0m
[0mGET /api/employees [36m304[0m 2.828 ms - -[0m
[0mGET /api/employees [36m304[0m 2.229 ms - -[0m
[0mGET /api/employees [36m304[0m 2.115 ms - -[0m
[0mGET /api/employees [36m304[0m 2.176 ms - -[0m
[0mGET /api/employees [36m304[0m 2.684 ms - -[0m
[0mGET /api/employees [36m304[0m 4.325 ms - -[0m
[0mGET /api/employees [36m304[0m 2.253 ms - -[0m
[0mGET /api/employees [36m304[0m 2.685 ms - -[0m
[0mGET /api/employees [36m304[0m 2.127 ms - -[0m
[0mGET /api/employees [36m304[0m 3.120 ms - -[0m
[0mGET /api/employees [36m304[0m 3.287 ms - -[0m
[0mGET /api/employees [36m304[0m 2.303 ms - -[0m
[0mGET /api/employees [36m304[0m 3.510 ms - -[0m
[0mGET /api/employees [32m200[0m 12.720 ms - 930[0m
[0mGET /api/employees [36m304[0m 4.830 ms - -[0m
[0mGET /api/employees [36m304[0m 3.022 ms - -[0m
[0mGET /api/employees [36m304[0m 2.628 ms - -[0m
[0mGET /api/employees [36m304[0m 3.032 ms - -[0m
[0mOPTIONS /api/employees/6 [32m204[0m 0.496 ms - 0[0m
[0mDELETE /api/employees/6 [32m200[0m 9.263 ms - 25[0m
[0mGET /api/employees [32m200[0m 3.181 ms - 802[0m
[0mOPTIONS /api/employees/5 [32m204[0m 0.246 ms - 0[0m
[0mDELETE /api/employees/5 [32m200[0m 12.361 ms - 25[0m
[0mGET /api/employees [32m200[0m 2.301 ms - 675[0m
[0mOPTIONS /api/employees/4 [32m204[0m 0.133 ms - 0[0m
[0mDELETE /api/employees/4 [32m200[0m 13.262 ms - 25[0m
[0mGET /api/employees [32m200[0m 2.466 ms - 546[0m
[0mGET /api/employees [36m304[0m 2.540 ms - -[0m
[0mGET /api/employees [36m304[0m 2.422 ms - -[0m
[0mGET /api/employees [36m304[0m 2.817 ms - -[0m
[0mGET /api/employees [36m304[0m 2.505 ms - -[0m
[0mGET /api/employees [36m304[0m 2.661 ms - -[0m
[0mGET /api/employees [36m304[0m 2.835 ms - -[0m
[0mGET /api/employees [36m304[0m 4.038 ms - -[0m
[0mGET /api/employees [36m304[0m 2.873 ms - -[0m
[0mGET /api/employees [36m304[0m 2.305 ms - -[0m
[0mGET /api/employees [36m304[0m 2.800 ms - -[0m
[0mGET /api/employees [36m304[0m 2.301 ms - -[0m
[0mGET /api/employees [36m304[0m 2.478 ms - -[0m
[0mGET /api/employees [36m304[0m 2.498 ms - -[0m
[0mGET /api/employees [36m304[0m 2.595 ms - -[0m
[0mGET /api/employees [36m304[0m 2.119 ms - -[0m
[0mGET /api/employees [36m304[0m 3.558 ms - -[0m
[0mGET /api/employees [36m304[0m 2.187 ms - -[0m
[0mGET /api/employees [36m304[0m 2.129 ms - -[0m
[0mGET /api/employees [36m304[0m 2.388 ms - -[0m
[0mGET /api/employees [36m304[0m 2.861 ms - -[0m
[0mGET /api/employees [36m304[0m 19.455 ms - -[0m
[0mGET /api/employees [36m304[0m 3.932 ms - -[0m
[0mGET /api/employees [36m304[0m 4.995 ms - -[0m
[0mGET /api/employees [36m304[0m 3.558 ms - -[0m
[0mGET /api/employees [36m304[0m 7.811 ms - -[0m
[0mGET /api/employees [36m304[0m 3.142 ms - -[0m
[0mGET /api/employees [36m304[0m 8.692 ms - -[0m
[0mGET /api/employees [36m304[0m 4.444 ms - -[0m
[0mGET /api/employees [36m304[0m 7.161 ms - -[0m
[0mGET /api/employees [36m304[0m 4.630 ms - -[0m
[0mGET /api/employees [36m304[0m 2.786 ms - -[0m
[0mGET /api/employees [36m304[0m 4.029 ms - -[0m
[0mGET /api/employees [36m304[0m 4.072 ms - -[0m
[0mGET /api/employees [36m304[0m 4.563 ms - -[0m
[0mGET /api/employees [36m304[0m 2.995 ms - -[0m
[0mGET /api/employees [36m304[0m 3.390 ms - -[0m
[0mGET /api/employees [36m304[0m 3.274 ms - -[0m
[0mGET /api/employees [36m304[0m 20.900 ms - -[0m
[0mGET /api/employees [36m304[0m 3.789 ms - -[0m
[0mGET /api/employees [36m304[0m 4.494 ms - -[0m
[0mGET /api/employees [36m304[0m 2.946 ms - -[0m
[0mGET /api/employees [36m304[0m 3.639 ms - -[0m
[0mGET /api/employees [36m304[0m 5.858 ms - -[0m
[0mGET /api/employees [36m304[0m 4.979 ms - -[0m
[0mGET /api/employees [36m304[0m 7.933 ms - -[0m
[0mGET /api/employees [36m304[0m 2.875 ms - -[0m
[0mGET /api/employees [36m304[0m 2.611 ms - -[0m
[0mGET /api/employees [36m304[0m 3.093 ms - -[0m
[0mGET /api/employees [36m304[0m 7.581 ms - -[0m
[0mGET /api/employees [36m304[0m 10.078 ms - -[0m
[0mGET /api/employees [36m304[0m 3.412 ms - -[0m
[0mGET /api/employees [36m304[0m 2.868 ms - -[0m
[0mGET /api/employees [36m304[0m 4.359 ms - -[0m
[0mGET /api/employees [36m304[0m 2.911 ms - -[0m
[0mGET /api/employees [36m304[0m 2.886 ms - -[0m
[0mGET /api/employees [36m304[0m 3.462 ms - -[0m
[0mGET /api/employees [36m304[0m 2.768 ms - -[0m
[0mGET /api/employees [36m304[0m 5.774 ms - -[0m
[0mGET /api/employees [36m304[0m 3.014 ms - -[0m
[0mOPTIONS /api/employees/[object%20HTMLInputElement] [32m204[0m 0.211 ms - 0[0m
[0mDELETE /api/employees/[object%20HTMLInputElement] [32m200[0m 2.425 ms - 25[0m
[0mGET /api/employees [36m304[0m 2.542 ms - -[0m
[0mGET /api/employees [36m304[0m 14.385 ms - -[0m
[0mGET /api/employees [36m304[0m 2.977 ms - -[0m
[0mGET /api/employees [36m304[0m 2.587 ms - -[0m
[0mOPTIONS /api/employees/[object%20HTMLInputElement] [32m204[0m 0.217 ms - 0[0m
[0mDELETE /api/employees/[object%20HTMLInputElement] [32m200[0m 2.030 ms - 25[0m
[0mGET /api/employees [36m304[0m 2.679 ms - -[0m
[0mGET /api/employees [36m304[0m 2.906 ms - -[0m
[0mGET /api/employees [36m304[0m 17.469 ms - -[0m
[0mGET /api/employees [36m304[0m 5.959 ms - -[0m
[0mGET /api/employees [36m304[0m 3.427 ms - -[0m
[0mGET /api/employees [36m304[0m 3.773 ms - -[0m
[0mGET /api/employees [36m304[0m 2.750 ms - -[0m
[0mOPTIONS /api/employees/-1 [32m204[0m 0.211 ms - 0[0m
[0mDELETE /api/employees/-1 [32m200[0m 1.979 ms - 25[0m
[0mGET /api/employees [36m304[0m 3.204 ms - -[0m
[0mDELETE /api/employees/-1 [32m200[0m 2.034 ms - 25[0m
[0mGET /api/employees [36m304[0m 2.596 ms - -[0m
[0mGET /api/employees [36m304[0m 6.154 ms - -[0m
[0mOPTIONS /api/employees/-1 [32m204[0m 0.240 ms - 0[0m
[0mDELETE /api/employees/-1 [32m200[0m 1.925 ms - 25[0m
[0mGET /api/employees [36m304[0m 2.717 ms - -[0m
[0mGET /api/employees [36m304[0m 3.547 ms - -[0m
[0mGET /api/employees [36m304[0m 2.481 ms - -[0m
[0mGET /api/employees [36m304[0m 3.399 ms - -[0m
[0mGET /api/employees [36m304[0m 5.807 ms - -[0m
[0mGET /api/employees [36m304[0m 4.686 ms - -[0m
[0mOPTIONS /api/employees/-1 [32m204[0m 0.260 ms - 0[0m
[0mDELETE /api/employees/-1 [32m200[0m 2.725 ms - 25[0m
[0mGET /api/employees [36m304[0m 5.828 ms - -[0m
[0mGET /api/employees [36m304[0m 3.726 ms - -[0m
[0mOPTIONS /api/employees/1 [32m204[0m 0.195 ms - 0[0m
[0mDELETE /api/employees/1 [32m200[0m 14.158 ms - 25[0m
[0mGET /api/employees [32m200[0m 2.923 ms - 419[0m
[0mOPTIONS /api/employees/2 [32m204[0m 0.207 ms - 0[0m
[0mDELETE /api/employees/2 [32m200[0m 13.354 ms - 25[0m
[0mGET /api/employees [32m200[0m 19.751 ms - 292[0m
[0mGET /api/employees [36m304[0m 3.190 ms - -[0m
[0mGET /api/employees [36m304[0m 4.759 ms - -[0m
[0mGET /api/employees [36m304[0m 2.942 ms - -[0m
[0mOPTIONS /api/employees/-1 [32m204[0m 0.393 ms - 0[0m
[0mDELETE /api/employees/-1 [32m200[0m 1.950 ms - 25[0m
[0mGET /api/employees [36m304[0m 2.669 ms - -[0m
[0mDELETE /api/employees/-1 [32m200[0m 2.258 ms - 25[0m
[0mGET /api/employees [36m304[0m 2.314 ms - -[0m
[0mGET /api/employees [36m304[0m 2.635 ms - -[0m
[0mGET /api/employees [36m304[0m 2.761 ms - -[0m
[0mGET /api/employees [36m304[0m 10.274 ms - -[0m
[0mGET /api/employees [36m304[0m 3.703 ms - -[0m
[0mGET /api/employees [36m304[0m 5.983 ms - -[0m
[0mGET /api/employees [36m304[0m 2.429 ms - -[0m
[0mGET /api/employees [36m304[0m 4.403 ms - -[0m
[0mGET /api/employees [36m304[0m 2.869 ms - -[0m
[0mGET /api/employees [36m304[0m 6.914 ms - -[0m
[0mOPTIONS /api/employees/12 [32m204[0m 0.305 ms - 0[0m
[0mPUT /api/employees/12 [32m200[0m 74.109 ms - 157[0m
[0mGET /api/employees [32m200[0m 5.583 ms - 290[0m
